# JRE version: Java(TM) SE Runtime Environment 18.9 (11.0.19+9) (build 11.0.19+9-LTS-224)
# Java VM: Java HotSpot(TM) 64-Bit Server VM 18.9 (11.0.19+9-LTS-224, mixed mode, tiered, compressed oops, g1 gc, windows-amd64)
Heap:
 garbage-first heap   total 24576K, used 5555K [0x00000000c0000000, 0x0000000100000000)
  region size 1024K, 1 young (1024K), 0 survivors (0K)
 Metaspace       used 8101K, capacity 8304K, committed 8576K, reserved 1056768K
  class space    used 715K, capacity 780K, committed 896K, reserved 1048576K
GC Heap History (10 events):
Event: 0.253 GC heap before
{Heap before GC invocations=4 (full 1):
 garbage-first heap   total 14336K, used 5871K [0x00000000c0000000, 0x0000000100000000)
  region size 1024K, 4 young (4096K), 1 survivors (1024K)
 Metaspace       used 7984K, capacity 8069K, committed 8192K, reserved 1056768K
  class space    used 706K, capacity 746K, committed 768K, reserved 1048576K
}
Event: 0.254 GC heap after
{Heap after GC invocations=5 (full 1):
 garbage-first heap   total 14336K, used 3133K [0x00000000c0000000, 0x0000000100000000)
  region size 1024K, 1 young (1024K), 1 survivors (1024K)
 Metaspace       used 7984K, capacity 8069K, committed 8192K, reserved 1056768K
  class space    used 706K, capacity 746K, committed 768K, reserved 1048576K
}
Event: 0.257 GC heap before
{Heap before GC invocations=5 (full 1):
 garbage-first heap   total 14336K, used 6205K [0x00000000c0000000, 0x0000000100000000)
  region size 1024K, 4 young (4096K), 1 survivors (1024K)
 Metaspace       used 7987K, capacity 8069K, committed 8192K, reserved 1056768K
  class space    used 706K, capacity 746K, committed 768K, reserved 1048576K
}
Event: 0.257 GC heap after
{Heap after GC invocations=6 (full 1):
 garbage-first heap   total 14336K, used 3412K [0x00000000c0000000, 0x0000000100000000)
  region size 1024K, 1 young (1024K), 1 survivors (1024K)
 Metaspace       used 7987K, capacity 8069K, committed 8192K, reserved 1056768K
  class space    used 706K, capacity 746K, committed 768K, reserved 1048576K
}
Event: 0.260 GC heap before
{Heap before GC invocations=6 (full 1):
 garbage-first heap   total 14336K, used 6484K [0x00000000c0000000, 0x0000000100000000)
  region size 1024K, 4 young (4096K), 1 survivors (1024K)
 Metaspace       used 7995K, capacity 8069K, committed 8192K, reserved 1056768K
  class space    used 706K, capacity 746K, committed 768K, reserved 1048576K
}
Event: 0.261 GC heap after
{Heap after GC invocations=7 (full 1):
 garbage-first heap   total 14336K, used 3767K [0x00000000c0000000, 0x0000000100000000)
  region size 1024K, 1 young (1024K), 1 survivors (1024K)
 Metaspace       used 7995K, capacity 8069K, committed 8192K, reserved 1056768K
  class space    used 706K, capacity 746K, committed 768K, reserved 1048576K
}
Event: 0.265 GC heap before
{Heap before GC invocations=7 (full 1):
 garbage-first heap   total 14336K, used 6839K [0x00000000c0000000, 0x0000000100000000)
  region size 1024K, 4 young (4096K), 1 survivors (1024K)
 Metaspace       used 7999K, capacity 8133K, committed 8192K, reserved 1056768K
  class space    used 706K, capacity 746K, committed 768K, reserved 1048576K
}
Event: 0.267 GC heap after
{Heap after GC invocations=8 (full 1):
 garbage-first heap   total 136192K, used 4051K [0x00000000c0000000, 0x0000000100000000)
  region size 1024K, 1 young (1024K), 1 survivors (1024K)
 Metaspace       used 7999K, capacity 8133K, committed 8192K, reserved 1056768K
  class space    used 706K, capacity 746K, committed 768K, reserved 1048576K
}
Event: 0.366 GC heap before
{Heap before GC invocations=8 (full 1):
 garbage-first heap   total 136192K, used 23507K [0x00000000c0000000, 0x0000000100000000)
  region size 1024K, 21 young (21504K), 1 survivors (1024K)
 Metaspace       used 8098K, capacity 8304K, committed 8576K, reserved 1056768K
  class space    used 714K, capacity 780K, committed 896K, reserved 1048576K
}
Event: 0.373 GC heap after
{Heap after GC invocations=9 (full 2):
 garbage-first heap   total 24576K, used 5555K [0x00000000c0000000, 0x0000000100000000)
  region size 1024K, 0 young (0K), 0 survivors (0K)
 Metaspace       used 8098K, capacity 8304K, committed 8576K, reserved 1056768K
  class space    used 714K, capacity 780K, committed 896K, reserved 1048576K
}

