# JRE version: Java(TM) SE Runtime Environment 18.9 (11.0.19+9) (build 11.0.19+9-LTS-224)
# Java VM: Java HotSpot(TM) 64-Bit Server VM 18.9 (11.0.19+9-LTS-224, mixed mode, tiered, compressed oops, g1 gc, windows-amd64)
Heap:
 garbage-first heap   total 139264K, used 10354K [0x00000000c0000000, 0x0000000100000000)
  region size 1024K, 7 young (7168K), 1 survivors (1024K)
 Metaspace       used 8105K, capacity 8304K, committed 8576K, reserved 1056768K
  class space    used 715K, capacity 780K, committed 896K, reserved 1048576K
GC Heap History (10 events):
Event: 0.251 GC heap before
{Heap before GC invocations=2 (full 1):
 garbage-first heap   total 20480K, used 9596K [0x00000000c0000000, 0x0000000100000000)
  region size 1024K, 8 young (8192K), 1 survivors (1024K)
 Metaspace       used 7985K, capacity 8069K, committed 8192K, reserved 1056768K
  class space    used 706K, capacity 746K, committed 768K, reserved 1048576K
}
Event: 0.252 GC heap after
{Heap after GC invocations=3 (full 1):
 garbage-first heap   total 20480K, used 3149K [0x00000000c0000000, 0x0000000100000000)
  region size 1024K, 1 young (1024K), 1 survivors (1024K)
 Metaspace       used 7985K, capacity 8069K, committed 8192K, reserved 1056768K
  class space    used 706K, capacity 746K, committed 768K, reserved 1048576K
}
Event: 0.256 GC heap before
{Heap before GC invocations=3 (full 1):
 garbage-first heap   total 20480K, used 9293K [0x00000000c0000000, 0x0000000100000000)
  region size 1024K, 7 young (7168K), 1 survivors (1024K)
 Metaspace       used 7996K, capacity 8069K, committed 8192K, reserved 1056768K
  class space    used 706K, capacity 746K, committed 768K, reserved 1048576K
}
Event: 0.257 GC heap after
{Heap after GC invocations=4 (full 1):
 garbage-first heap   total 20480K, used 3705K [0x00000000c0000000, 0x0000000100000000)
  region size 1024K, 1 young (1024K), 1 survivors (1024K)
 Metaspace       used 7996K, capacity 8069K, committed 8192K, reserved 1056768K
  class space    used 706K, capacity 746K, committed 768K, reserved 1048576K
}
Event: 0.262 GC heap before
{Heap before GC invocations=4 (full 1):
 garbage-first heap   total 20480K, used 9849K [0x00000000c0000000, 0x0000000100000000)
  region size 1024K, 7 young (7168K), 1 survivors (1024K)
 Metaspace       used 8001K, capacity 8133K, committed 8192K, reserved 1056768K
  class space    used 706K, capacity 746K, committed 768K, reserved 1048576K
}
Event: 0.263 GC heap after
{Heap after GC invocations=5 (full 1):
 garbage-first heap   total 20480K, used 4349K [0x00000000c0000000, 0x0000000100000000)
  region size 1024K, 1 young (1024K), 1 survivors (1024K)
 Metaspace       used 8001K, capacity 8133K, committed 8192K, reserved 1056768K
  class space    used 706K, capacity 746K, committed 768K, reserved 1048576K
}
Event: 0.266 GC heap before
{Heap before GC invocations=5 (full 1):
 garbage-first heap   total 20480K, used 9469K [0x00000000c0000000, 0x0000000100000000)
  region size 1024K, 6 young (6144K), 1 survivors (1024K)
 Metaspace       used 8002K, capacity 8133K, committed 8192K, reserved 1056768K
  class space    used 706K, capacity 746K, committed 768K, reserved 1048576K
}
Event: 0.268 GC heap after
{Heap after GC invocations=6 (full 1):
 garbage-first heap   total 20480K, used 4855K [0x00000000c0000000, 0x0000000100000000)
  region size 1024K, 1 young (1024K), 1 survivors (1024K)
 Metaspace       used 8002K, capacity 8133K, committed 8192K, reserved 1056768K
  class space    used 706K, capacity 746K, committed 768K, reserved 1048576K
}
Event: 0.273 GC heap before
{Heap before GC invocations=6 (full 1):
 garbage-first heap   total 20480K, used 9975K [0x00000000c0000000, 0x0000000100000000)
  region size 1024K, 6 young (6144K), 1 survivors (1024K)
 Metaspace       used 8053K, capacity 8198K, committed 8448K, reserved 1056768K
  class space    used 708K, capacity 746K, committed 768K, reserved 1048576K
}
Event: 0.276 GC heap after
{Heap after GC invocations=7 (full 1):
 garbage-first heap   total 139264K, used 5234K [0x00000000c0000000, 0x0000000100000000)
  region size 1024K, 1 young (1024K), 1 survivors (1024K)
 Metaspace       used 8053K, capacity 8198K, committed 8448K, reserved 1056768K
  class space    used 708K, capacity 746K, committed 768K, reserved 1048576K
}

