# JRE version: Java(TM) SE Runtime Environment 18.9 (11.0.19+9) (build 11.0.19+9-LTS-224)
# Java VM: Java HotSpot(TM) 64-Bit Server VM 18.9 (11.0.19+9-LTS-224, mixed mode, tiered, compressed oops, g1 gc, windows-amd64)
Heap:
 garbage-first heap   total 138240K, used 18709K [0x00000000c0000000, 0x0000000100000000)
  region size 1024K, 16 young (16384K), 1 survivors (1024K)
 Metaspace       used 8105K, capacity 8304K, committed 8576K, reserved 1056768K
  class space    used 715K, capacity 780K, committed 896K, reserved 1048576K
GC Heap History (10 events):
Event: 0.244 GC heap before
{Heap before GC invocations=2 (full 1):
 garbage-first heap   total 17408K, used 7478K [0x00000000c0000000, 0x0000000100000000)
  region size 1024K, 6 young (6144K), 1 survivors (1024K)
 Metaspace       used 7998K, capacity 8101K, committed 8320K, reserved 1056768K
  class space    used 709K, capacity 778K, committed 896K, reserved 1048576K
}
Event: 0.245 GC heap after
{Heap after GC invocations=3 (full 1):
 garbage-first heap   total 17408K, used 2843K [0x00000000c0000000, 0x0000000100000000)
  region size 1024K, 1 young (1024K), 1 survivors (1024K)
 Metaspace       used 7998K, capacity 8101K, committed 8320K, reserved 1056768K
  class space    used 709K, capacity 778K, committed 896K, reserved 1048576K
}
Event: 0.248 GC heap before
{Heap before GC invocations=3 (full 1):
 garbage-first heap   total 17408K, used 6939K [0x00000000c0000000, 0x0000000100000000)
  region size 1024K, 5 young (5120K), 1 survivors (1024K)
 Metaspace       used 8001K, capacity 8165K, committed 8320K, reserved 1056768K
  class space    used 709K, capacity 778K, committed 896K, reserved 1048576K
}
Event: 0.249 GC heap after
{Heap after GC invocations=4 (full 1):
 garbage-first heap   total 17408K, used 3202K [0x00000000c0000000, 0x0000000100000000)
  region size 1024K, 1 young (1024K), 1 survivors (1024K)
 Metaspace       used 8001K, capacity 8165K, committed 8320K, reserved 1056768K
  class space    used 709K, capacity 778K, committed 896K, reserved 1048576K
}
Event: 0.253 GC heap before
{Heap before GC invocations=4 (full 1):
 garbage-first heap   total 17408K, used 7298K [0x00000000c0000000, 0x0000000100000000)
  region size 1024K, 5 young (5120K), 1 survivors (1024K)
 Metaspace       used 8001K, capacity 8165K, committed 8320K, reserved 1056768K
  class space    used 709K, capacity 778K, committed 896K, reserved 1048576K
}
Event: 0.254 GC heap after
{Heap after GC invocations=5 (full 1):
 garbage-first heap   total 17408K, used 3618K [0x00000000c0000000, 0x0000000100000000)
  region size 1024K, 1 young (1024K), 1 survivors (1024K)
 Metaspace       used 8001K, capacity 8165K, committed 8320K, reserved 1056768K
  class space    used 709K, capacity 778K, committed 896K, reserved 1048576K
}
Event: 0.258 GC heap before
{Heap before GC invocations=5 (full 1):
 garbage-first heap   total 17408K, used 7714K [0x00000000c0000000, 0x0000000100000000)
  region size 1024K, 5 young (5120K), 1 survivors (1024K)
 Metaspace       used 8014K, capacity 8229K, committed 8576K, reserved 1056768K
  class space    used 709K, capacity 778K, committed 896K, reserved 1048576K
}
Event: 0.259 GC heap after
{Heap after GC invocations=6 (full 1):
 garbage-first heap   total 17408K, used 4026K [0x00000000c0000000, 0x0000000100000000)
  region size 1024K, 1 young (1024K), 1 survivors (1024K)
 Metaspace       used 8014K, capacity 8229K, committed 8576K, reserved 1056768K
  class space    used 709K, capacity 778K, committed 896K, reserved 1048576K
}
Event: 0.262 GC heap before
{Heap before GC invocations=6 (full 1):
 garbage-first heap   total 17408K, used 8122K [0x00000000c0000000, 0x0000000100000000)
  region size 1024K, 5 young (5120K), 1 survivors (1024K)
 Metaspace       used 8015K, capacity 8229K, committed 8576K, reserved 1056768K
  class space    used 709K, capacity 778K, committed 896K, reserved 1048576K
}
Event: 0.265 GC heap after
{Heap after GC invocations=7 (full 1):
 garbage-first heap   total 138240K, used 4373K [0x00000000c0000000, 0x0000000100000000)
  region size 1024K, 1 young (1024K), 1 survivors (1024K)
 Metaspace       used 8015K, capacity 8229K, committed 8576K, reserved 1056768K
  class space    used 709K, capacity 778K, committed 896K, reserved 1048576K
}

