# JRE version: Java(TM) SE Runtime Environment 18.9 (11.0.19+9) (build 11.0.19+9-LTS-224)
# Java VM: Java HotSpot(TM) 64-Bit Server VM 18.9 (11.0.19+9-LTS-224, mixed mode, tiered, compressed oops, g1 gc, windows-amd64)
Heap:
 garbage-first heap   total 24576K, used 5556K [0x00000000c0000000, 0x0000000100000000)
  region size 1024K, 1 young (1024K), 0 survivors (0K)
 Metaspace       used 8123K, capacity 8304K, committed 8576K, reserved 1056768K
  class space    used 715K, capacity 780K, committed 896K, reserved 1048576K
GC Heap History (10 events):
Event: 0.280 GC heap before
{Heap before GC invocations=4 (full 1):
 garbage-first heap   total 14336K, used 5894K [0x00000000c0000000, 0x0000000100000000)
  region size 1024K, 4 young (4096K), 1 survivors (1024K)
 Metaspace       used 7998K, capacity 8197K, committed 8448K, reserved 1056768K
  class space    used 706K, capacity 746K, committed 768K, reserved 1048576K
}
Event: 0.281 GC heap after
{Heap after GC invocations=5 (full 1):
 garbage-first heap   total 14336K, used 3142K [0x00000000c0000000, 0x0000000100000000)
  region size 1024K, 1 young (1024K), 1 survivors (1024K)
 Metaspace       used 7998K, capacity 8197K, committed 8448K, reserved 1056768K
  class space    used 706K, capacity 746K, committed 768K, reserved 1048576K
}
Event: 0.283 GC heap before
{Heap before GC invocations=5 (full 1):
 garbage-first heap   total 14336K, used 6214K [0x00000000c0000000, 0x0000000100000000)
  region size 1024K, 4 young (4096K), 1 survivors (1024K)
 Metaspace       used 8001K, capacity 8197K, committed 8448K, reserved 1056768K
  class space    used 706K, capacity 746K, committed 768K, reserved 1048576K
}
Event: 0.284 GC heap after
{Heap after GC invocations=6 (full 1):
 garbage-first heap   total 14336K, used 3416K [0x00000000c0000000, 0x0000000100000000)
  region size 1024K, 1 young (1024K), 1 survivors (1024K)
 Metaspace       used 8001K, capacity 8197K, committed 8448K, reserved 1056768K
  class space    used 706K, capacity 746K, committed 768K, reserved 1048576K
}
Event: 0.286 GC heap before
{Heap before GC invocations=6 (full 1):
 garbage-first heap   total 14336K, used 6488K [0x00000000c0000000, 0x0000000100000000)
  region size 1024K, 4 young (4096K), 1 survivors (1024K)
 Metaspace       used 8010K, capacity 8197K, committed 8448K, reserved 1056768K
  class space    used 706K, capacity 746K, committed 768K, reserved 1048576K
}
Event: 0.287 GC heap after
{Heap after GC invocations=7 (full 1):
 garbage-first heap   total 14336K, used 3722K [0x00000000c0000000, 0x0000000100000000)
  region size 1024K, 1 young (1024K), 1 survivors (1024K)
 Metaspace       used 8010K, capacity 8197K, committed 8448K, reserved 1056768K
  class space    used 706K, capacity 746K, committed 768K, reserved 1048576K
}
Event: 0.290 GC heap before
{Heap before GC invocations=7 (full 1):
 garbage-first heap   total 14336K, used 5770K [0x00000000c0000000, 0x0000000100000000)
  region size 1024K, 4 young (4096K), 1 survivors (1024K)
 Metaspace       used 8013K, capacity 8197K, committed 8448K, reserved 1056768K
  class space    used 706K, capacity 746K, committed 768K, reserved 1048576K
}
Event: 0.293 GC heap after
{Heap after GC invocations=8 (full 1):
 garbage-first heap   total 136192K, used 4024K [0x00000000c0000000, 0x0000000100000000)
  region size 1024K, 1 young (1024K), 1 survivors (1024K)
 Metaspace       used 8013K, capacity 8197K, committed 8448K, reserved 1056768K
  class space    used 706K, capacity 746K, committed 768K, reserved 1048576K
}
Event: 0.412 GC heap before
{Heap before GC invocations=8 (full 1):
 garbage-first heap   total 136192K, used 23480K [0x00000000c0000000, 0x0000000100000000)
  region size 1024K, 21 young (21504K), 1 survivors (1024K)
 Metaspace       used 8120K, capacity 8304K, committed 8576K, reserved 1056768K
  class space    used 714K, capacity 780K, committed 896K, reserved 1048576K
}
Event: 0.421 GC heap after
{Heap after GC invocations=9 (full 2):
 garbage-first heap   total 24576K, used 5556K [0x00000000c0000000, 0x0000000100000000)
  region size 1024K, 0 young (0K), 0 survivors (0K)
 Metaspace       used 8120K, capacity 8304K, committed 8576K, reserved 1056768K
  class space    used 714K, capacity 780K, committed 896K, reserved 1048576K
}

