# JRE version: Java(TM) SE Runtime Environment 18.9 (11.0.19+9) (build 11.0.19+9-LTS-224)
# Java VM: Java HotSpot(TM) 64-Bit Server VM 18.9 (11.0.19+9-LTS-224, mixed mode, tiered, compressed oops, g1 gc, windows-amd64)
Heap:
 garbage-first heap   total 138240K, used 19805K [0x00000000c0000000, 0x0000000100000000)
  region size 1024K, 17 young (17408K), 1 survivors (1024K)
 Metaspace       used 8117K, capacity 8304K, committed 8576K, reserved 1056768K
  class space    used 715K, capacity 780K, committed 896K, reserved 1048576K
GC Heap History (10 events):
Event: 0.247 GC heap before
{Heap before GC invocations=2 (full 1):
 garbage-first heap   total 17408K, used 7486K [0x00000000c0000000, 0x0000000100000000)
  region size 1024K, 6 young (6144K), 1 survivors (1024K)
 Metaspace       used 7993K, capacity 8069K, committed 8192K, reserved 1056768K
  class space    used 706K, capacity 746K, committed 768K, reserved 1048576K
}
Event: 0.248 GC heap after
{Heap after GC invocations=3 (full 1):
 garbage-first heap   total 17408K, used 2885K [0x00000000c0000000, 0x0000000100000000)
  region size 1024K, 1 young (1024K), 1 survivors (1024K)
 Metaspace       used 7993K, capacity 8069K, committed 8192K, reserved 1056768K
  class space    used 706K, capacity 746K, committed 768K, reserved 1048576K
}
Event: 0.251 GC heap before
{Heap before GC invocations=3 (full 1):
 garbage-first heap   total 17408K, used 6981K [0x00000000c0000000, 0x0000000100000000)
  region size 1024K, 5 young (5120K), 1 survivors (1024K)
 Metaspace       used 7996K, capacity 8069K, committed 8192K, reserved 1056768K
  class space    used 706K, capacity 746K, committed 768K, reserved 1048576K
}
Event: 0.252 GC heap after
{Heap after GC invocations=4 (full 1):
 garbage-first heap   total 17408K, used 3212K [0x00000000c0000000, 0x0000000100000000)
  region size 1024K, 1 young (1024K), 1 survivors (1024K)
 Metaspace       used 7996K, capacity 8069K, committed 8192K, reserved 1056768K
  class space    used 706K, capacity 746K, committed 768K, reserved 1048576K
}
Event: 0.255 GC heap before
{Heap before GC invocations=4 (full 1):
 garbage-first heap   total 17408K, used 7308K [0x00000000c0000000, 0x0000000100000000)
  region size 1024K, 5 young (5120K), 1 survivors (1024K)
 Metaspace       used 7997K, capacity 8133K, committed 8192K, reserved 1056768K
  class space    used 706K, capacity 746K, committed 768K, reserved 1048576K
}
Event: 0.255 GC heap after
{Heap after GC invocations=5 (full 1):
 garbage-first heap   total 17408K, used 3589K [0x00000000c0000000, 0x0000000100000000)
  region size 1024K, 1 young (1024K), 1 survivors (1024K)
 Metaspace       used 7997K, capacity 8133K, committed 8192K, reserved 1056768K
  class space    used 706K, capacity 746K, committed 768K, reserved 1048576K
}
Event: 0.259 GC heap before
{Heap before GC invocations=5 (full 1):
 garbage-first heap   total 17408K, used 6661K [0x00000000c0000000, 0x0000000100000000)
  region size 1024K, 5 young (5120K), 1 survivors (1024K)
 Metaspace       used 8007K, capacity 8133K, committed 8192K, reserved 1056768K
  class space    used 706K, capacity 746K, committed 768K, reserved 1048576K
}
Event: 0.260 GC heap after
{Heap after GC invocations=6 (full 1):
 garbage-first heap   total 17408K, used 4014K [0x00000000c0000000, 0x0000000100000000)
  region size 1024K, 1 young (1024K), 1 survivors (1024K)
 Metaspace       used 8007K, capacity 8133K, committed 8192K, reserved 1056768K
  class space    used 706K, capacity 746K, committed 768K, reserved 1048576K
}
Event: 0.264 GC heap before
{Heap before GC invocations=6 (full 1):
 garbage-first heap   total 17408K, used 8110K [0x00000000c0000000, 0x0000000100000000)
  region size 1024K, 5 young (5120K), 1 survivors (1024K)
 Metaspace       used 8009K, capacity 8133K, committed 8192K, reserved 1056768K
  class space    used 706K, capacity 746K, committed 768K, reserved 1048576K
}
Event: 0.266 GC heap after
{Heap after GC invocations=7 (full 1):
 garbage-first heap   total 138240K, used 4445K [0x00000000c0000000, 0x0000000100000000)
  region size 1024K, 1 young (1024K), 1 survivors (1024K)
 Metaspace       used 8009K, capacity 8133K, committed 8192K, reserved 1056768K
  class space    used 706K, capacity 746K, committed 768K, reserved 1048576K
}

